<?xml version="1.0" encoding="UTF-8"?>
<testng-results skipped="0" failed="0" total="1" passed="1">
  <reporter-output>
  </reporter-output>
  <suite name="Default suite" duration-ms="8686" started-at="2017-03-10T02:42:49Z" finished-at="2017-03-10T02:42:58Z">
    <groups>
    </groups>
    <test name="Default test" duration-ms="8686" started-at="2017-03-10T02:42:49Z" finished-at="2017-03-10T02:42:58Z">
      <class name="com.ranford.master.Exepom">
        <test-method status="PASS" signature="Exelogin()[pri:0, instance:com.ranford.master.Exepom@6e95b0a3]" name="Exelogin" duration-ms="8663" started-at="2017-03-10T08:12:49Z" finished-at="2017-03-10T08:12:58Z">
          <reporter-output>
          </reporter-output>
        </test-method> <!-- Exelogin -->
      </class> <!-- com.ranford.master.Exepom -->
    </test> <!-- Default test -->
  </suite> <!-- Default suite -->
</testng-results>
